BEGINNING PROBLEM1(Spawn X children, kill randomly with Y chance) SIMULATION with num_children=15, kill_chance=0.500000
Child 2: PID=23405, parent PID=23402
Child 2: finished work.
Child 9: PID=23412, parent PID=23402
Child 9: finished work.
Child 10: PID=23413, parent PID=23402
Child 10: finished work.
Child 5: PID=23408, parent PID=23402
Child 5: finished work.
Child 8: PID=23411, parent PID=23402
Child 8: finished work.
Parent 23402: Randomly killing child 0 PID=23403 (random chance 0.28 < 0.50)
Parent 23402: Randomly killing child 1 PID=23404 (random chance 0.42 < 0.50)
Parent 23402: Randomly sparing child 2 PID=23405 (random chance 0.74 >= 0.50)
Parent 23402: Randomly killing child 3 PID=23406 (random chance 0.25 < 0.50)
Parent 23402: Randomly killing child 4 PID=23407 (random chance 0.34 < 0.50)
Parent 23402: Randomly sparing child 5 PID=23408 (random chance 0.81 >= 0.50)
Parent 23402: Randomly killing child 6 PID=23409 (random chance 0.25 < 0.50)
Parent 23402: Randomly killing child 7 PID=23410 (random chance 0.27 < 0.50)
Parent 23402: Randomly sparing child 8 PID=23411 (random chance 0.69 >= 0.50)
Parent 23402: Randomly sparing child 9 PID=23412 (random chance 0.79 >= 0.50)
Parent 23402: Randomly sparing child 10 PID=23413 (random chance 0.70 >= 0.50)
Parent 23402: Randomly killing child 11 PID=23414 (random chance 0.24 < 0.50)
Parent 23402: Randomly killing child 12 PID=23415 (random chance 0.19 < 0.50)
Parent 23402: Randomly killing child 13 PID=23416 (random chance 0.17 < 0.50)
Parent 23402: Randomly killing child 14 PID=23417 (random chance 0.32 < 0.50)
Parent: My PID is 23402, and my child 0 PID=23403 was killed by signal 9
Parent: My PID is 23402, and my child 1 PID=23404 was killed by signal 9
Parent: My PID is 23402, and my child 2 PID=23405 exited with code 2
Parent: My PID is 23402, and my child 3 PID=23406 was killed by signal 9
Parent: My PID is 23402, and my child 4 PID=23407 was killed by signal 9
Parent: My PID is 23402, and my child 5 PID=23408 exited with code 5
Parent: My PID is 23402, and my child 6 PID=23409 was killed by signal 9
Parent: My PID is 23402, and my child 7 PID=23410 was killed by signal 9
Parent: My PID is 23402, and my child 8 PID=23411 exited with code 8
Parent: My PID is 23402, and my child 9 PID=23412 exited with code 9
Parent: My PID is 23402, and my child 10 PID=23413 exited with code 10
Parent: My PID is 23402, and my child 11 PID=23414 was killed by signal 9
Parent: My PID is 23402, and my child 12 PID=23415 was killed by signal 9
Parent: My PID is 23402, and my child 13 PID=23416 was killed by signal 9
Parent: My PID is 23402, and my child 14 PID=23417 was killed by signal 9
